<?xml version="1.0" encoding="UTF-8"?>
<!-- Generated by org.testng.reporters.JUnitReportReporter -->
<testsuite skipped="0" hostname="Bharaths-MacBook-Air.local" name="com.crm.qa.testcases.LoginPageTest" tests="5" failures="0" timestamp="27 Nov 2020 12:57:36 GMT" time="48.314" errors="0">
  <testcase name="LoginPageTitleTest" time="6.713" classname="com.crm.qa.testcases.LoginPageTest"/>
  <testcase name="loginTest" time="21.960" classname="com.crm.qa.testcases.LoginPageTest"/>
  <testcase name="FeaturesLinkTest" time="6.362" classname="com.crm.qa.testcases.LoginPageTest"/>
  <testcase name="validatePricingLink" time="6.674" classname="com.crm.qa.testcases.LoginPageTest"/>
  <testcase name="validateSignUpLink" time="6.605" classname="com.crm.qa.testcases.LoginPageTest"/>
</testsuite> <!-- com.crm.qa.testcases.LoginPageTest -->
