<?xml version="1.0" encoding="UTF-8"?>
<!-- Generated by org.testng.reporters.JUnitReportReporter -->
<testsuite skipped="0" hostname="Bharath" name="com.crm.qa.testcases.ContactsPageTest" tests="1" failures="0" timestamp="15 Sep 2018 09:58:18 GMT" time="22.903" errors="0">
  <testcase name="ValidateContactsLabelTest" time="22.903" classname="com.crm.qa.testcases.ContactsPageTest"/>
</testsuite> <!-- com.crm.qa.testcases.ContactsPageTest -->
