<?xml version="1.0" encoding="UTF-8"?>
<!-- Generated by org.testng.reporters.JUnitReportReporter -->
<testsuite skipped="0" hostname="Bharath" name="com.crm.qa.testcases.LoginPageTest" tests="8" failures="0" timestamp="15 Sep 2018 11:19:12 GMT" time="248.428" errors="0">
  <testcase name="LoginPageTitleTest" time="42.794" classname="com.crm.qa.testcases.LoginPageTest"/>
  <testcase name="LoginPageTitleTest" time="38.919" classname="com.crm.qa.testcases.LoginPageTest"/>
  <testcase name="loginTest" time="17.807" classname="com.crm.qa.testcases.LoginPageTest"/>
  <testcase name="loginTest" time="33.198" classname="com.crm.qa.testcases.LoginPageTest"/>
  <testcase name="FeaturesLinkTest" time="37.913" classname="com.crm.qa.testcases.LoginPageTest"/>
  <testcase name="FeaturesLinkTest" time="39.316" classname="com.crm.qa.testcases.LoginPageTest"/>
  <testcase name="validateLinks" time="17.982" classname="com.crm.qa.testcases.LoginPageTest"/>
  <testcase name="validateLinks" time="20.499" classname="com.crm.qa.testcases.LoginPageTest"/>
</testsuite> <!-- com.crm.qa.testcases.LoginPageTest -->
