<?xml version="1.0" encoding="UTF-8"?>
<!-- Generated by org.testng.reporters.JUnitReportReporter -->
<testsuite skipped="0" hostname="Bharath" name="com.crm.qa.testcases.DealsPageTest" tests="2" failures="0" timestamp="05 Aug 2018 09:54:49 GMT" time="45.609" errors="0">
  <testcase name="clickonDealsLink" time="24.497" classname="com.crm.qa.testcases.DealsPageTest"/>
  <testcase name="validateDealsLabel" time="21.112" classname="com.crm.qa.testcases.DealsPageTest"/>
</testsuite> <!-- com.crm.qa.testcases.DealsPageTest -->
